#
# Copyright 2016-2017 The Reaktivity Project
#
# The Reaktivity Project licenses this file to you under the Apache License,
# version 2.0 (the "License"); you may not use this file except in compliance
# with the License. You may obtain a copy of the License at:
#
#   http://www.apache.org/licenses/LICENSE-2.0
#
# Unless required by applicable law or agreed to in writing, software
# distributed under the License is distributed on an "AS IS" BASIS, WITHOUT
# WARRANTIES OR CONDITIONS OF ANY KIND, either express or implied. See the
# License for the specific language governing permissions and limitations
# under the License.
#

property newClientAcceptRef  ${nukleus:newRouteRef()} # external
property authorization 0L

property client10k ${tls:randomBytes(10240)}

connect await ROUTED_CLIENT
        "nukleus://tls/streams/source"
  option nukleus:route ${newClientAcceptRef}
  option nukleus:authorization ${authorization}
  option nukleus:window 65536
  option nukleus:transmission "duplex"
  option nukleus:throttle "message"

write nukleus:begin.ext [0x09] "localhost"
write nukleus:begin.ext [0x08] "protocol"

connected

write ${client10k}

read ${client10k}

