#
# Copyright 2016-2019 The Reaktivity Project
#
# The Reaktivity Project licenses this file to you under the Apache License,
# version 2.0 (the "License"); you may not use this file except in compliance
# with the License. You may obtain a copy of the License at:
#
#   http://www.apache.org/licenses/LICENSE-2.0
#
# Unless required by applicable law or agreed to in writing, software
# distributed under the License is distributed on an "AS IS" BASIS, WITHOUT
# WARRANTIES OR CONDITIONS OF ANY KIND, either express or implied. See the
# License for the specific language governing permissions and limitations
# under the License.
#

property nukleiRG010101C ${nuklei:directory("target/nukleus-itests").controlCapacity(1024, 1024)}

property controlRG010101C ${nukleiRG010101C.control()}

connect "agrona://stream/bidirectional"
        option agrona:reader ${agrona:broadcastReceiver(controlRG010101C.controller)}
        option agrona:writer ${agrona:manyToOneWriter(controlRG010101C.nukleus)}

connected

write 0x00000011
write ${controlRG010101C.nextCorrelationId()}
write ${core:string("tls")}
write [0x14] "server.want.auth:foo"
write 0
write flush

read 0x40000011
read ${controlRG010101C.correlationId()}
read 0x0100000000000001L

read notify RESOLVED

close
closed
